#
# There is insufficient memory for the Java Runtime Environment to continue.
# Native memory allocation (malloc) failed to allocate 1062256 bytes for Chunk::new
# Possible reasons:
#   The system is out of physical RAM or swap space
#   The process is running with CompressedOops enabled, and the Java Heap may be blocking the growth of the native heap
# Possible solutions:
#   Reduce memory load on the system
#   Increase physical memory or swap space
#   Check if swap backing store is full
#   Decrease Java heap size (-Xmx/-Xms)
#   Decrease number of Java threads
#   Decrease Java thread stack sizes (-Xss)
#   Set larger code cache with -XX:ReservedCodeCacheSize=
#   JVM is running with Unscaled Compressed Oops mode in which the Java heap is
#     placed in the first 4GB address space. The Java Heap base address is the
#     maximum limit for the native heap growth. Please use -XX:HeapBaseMinAddress
#     to set the Java Heap base and to place the Java Heap above 4GB virtual address.
# This output file may be truncated or incomplete.
#
#  Out of Memory Error (allocation.cpp:389), pid=18960, tid=0x000000000000553c
#
# JRE version: Java(TM) SE Runtime Environment (8.0_211-b12) (build 1.8.0_211-b12)
# Java VM: Java HotSpot(TM) 64-Bit Server VM (25.211-b12 mixed mode windows-amd64 compressed oops)
# Failed to write core dump. Minidumps are not enabled by default on client versions of Windows
#

---------------  T H R E A D  ---------------

Current thread (0x0000000019484000):  JavaThread "C2 CompilerThread0" daemon [_thread_in_native, id=21820, stack(0x0000000019b50000,0x0000000019c50000)]

Stack: [0x0000000019b50000,0x0000000019c50000]
[error occurred during error reporting (printing stack bounds), id 0xc0000005]

Native frames: (J=compiled Java code, j=interpreted, Vv=VM code, C=native code)


Current CompileTask:
C2:  21505 4083       4       org.apache.maven.model.inheritance.DefaultInheritanceAssembler$InheritanceModelMerger::mergePlugin (71 bytes)


---------------  P R O C E S S  ---------------

Java Threads: ( => current thread )
  0x000000001952e000 JavaThread "Service Thread" daemon [_thread_blocked, id=10756, stack(0x0000000019e50000,0x0000000019f50000)]
  0x0000000019488000 JavaThread "C1 CompilerThread2" daemon [_thread_blocked, id=15800, stack(0x0000000019d50000,0x0000000019e50000)]
  0x0000000019487000 JavaThread "C2 CompilerThread1" daemon [_thread_blocked, id=23852, stack(0x0000000019c50000,0x0000000019d50000)]
=>0x0000000019484000 JavaThread "C2 CompilerThread0" daemon [_thread_in_native, id=21820, stack(0x0000000019b50000,0x0000000019c50000)]
  0x000000001947a000 JavaThread "Monitor Ctrl-Break" daemon [_thread_in_native, id=4520, stack(0x0000000019a50000,0x0000000019b50000)]
  0x000000001808a000 JavaThread "Attach Listener" daemon [_thread_blocked, id=19644, stack(0x0000000019950000,0x0000000019a50000)]
  0x0000000019458800 JavaThread "Signal Dispatcher" daemon [_thread_blocked, id=3944, stack(0x0000000019850000,0x0000000019950000)]
  0x000000000353d800 JavaThread "Finalizer" daemon [_thread_blocked, id=12472, stack(0x00000000192f0000,0x00000000193f0000)]
  0x000000001807a800 JavaThread "Reference Handler" daemon [_thread_blocked, id=23616, stack(0x00000000191f0000,0x00000000192f0000)]
  0x0000000003442800 JavaThread "main" [_thread_in_native, id=2604, stack(0x0000000003240000,0x0000000003340000)]

Other Threads:
  0x0000000018057000 VMThread [stack: 0x00000000190f0000,0x00000000191f0000] [id=23540]
  0x0000000019527000 WatcherThread [stack: 0x0000000019f50000,0x000000001a050000] [id=15004]

VM state:not at safepoint (normal execution)

VM Mutex/Monitor currently owned by a thread: None

heap address: 0x0000000081800000, size: 2024 MB, Compressed Oops mode: 32-bit
Narrow klass base: 0x0000000000000000, Narrow klass shift: 3
Compressed class space size: 1073741824 Address: 0x0000000100000000

Heap:
 PSYoungGen      total 76288K, used 42359K [0x00000000d5d80000, 0x00000000db180000, 0x0000000100000000)
  eden space 66560K, 63% used [0x00000000d5d80000,0x00000000d86ddf00,0x00000000d9e80000)
  from space 9728K, 0% used [0x00000000d9e80000,0x00000000d9e80000,0x00000000da800000)
  to   space 9728K, 0% used [0x00000000da800000,0x00000000da800000,0x00000000db180000)
 ParOldGen       total 71680K, used 15138K [0x0000000081800000, 0x0000000085e00000, 0x00000000d5d80000)
  object space 71680K, 21% used [0x0000000081800000,0x00000000826c89a8,0x0000000085e00000)
 Metaspace       used 23326K, capacity 23846K, committed 24192K, reserved 1071104K
  class space    used 2710K, capacity 2880K, committed 2944K, reserved 1048576K

Card table byte_map: [0x0000000012900000,0x0000000012d00000] byte_map_base: 0x00000000124f4000

Marking Bits: (ParMarkBitMap*) 0x0000000063fb5ce0
 Begin Bits: [0x00000000133b0000, 0x0000000015350000)
 End Bits:   [0x0000000015350000, 0x00000000172f0000)

Polling page: 0x0000000001150000

CodeCache: size=245760Kb used=12988Kb max_used=13284Kb free=232771Kb
 bounds [0x0000000003540000, 0x0000000004250000, 0x0000000012540000]
 total_blobs=4129 nmethods=3693 adapters=348
 compilation: enabled

Compilation events (10 events):
Event: 21.429 Thread 0x0000000019487000 4093       4       java.util.ArrayList::<init> (67 bytes)
Event: 21.429 Thread 0x0000000019488000 4094       3       org.apache.maven.model.Organization::setUrl (6 bytes)
Event: 21.429 Thread 0x0000000019488000 nmethod 4094 0x0000000003c55a90 code [0x0000000003c55be0, 0x0000000003c55d50]
Event: 21.431 Thread 0x0000000019487000 nmethod 4093 0x0000000003c55650 code [0x0000000003c557a0, 0x0000000003c55958]
Event: 21.435 Thread 0x0000000019488000 4095       3       org.codehaus.plexus.interpolation.PrefixedValueSourceWrapper::<init> (37 bytes)
Event: 21.436 Thread 0x0000000019488000 nmethod 4095 0x0000000003c56f50 code [0x0000000003c570e0, 0x0000000003c575d8]
Event: 21.448 Thread 0x0000000019488000 4096       3       org.apache.maven.model.DistributionManagement::setSnapshotRepository (6 bytes)
Event: 21.448 Thread 0x0000000019487000 4097       4       org.apache.maven.model.merge.ModelMerger::mergeConfigurationContainer_Configuration (67 bytes)
Event: 21.448 Thread 0x0000000019488000 nmethod 4096 0x0000000003c56c10 code [0x0000000003c56d60, 0x0000000003c56ed0]
Event: 21.452 Thread 0x0000000019487000 nmethod 4097 0x0000000003c56610 code [0x0000000003c56780, 0x0000000003c569a8]

GC Heap History (10 events):
Event: 8.234 GC heap before
{Heap before GC invocations=4 (full 0):
 PSYoungGen      total 38400K, used 38392K [0x00000000d5d80000, 0x00000000d8800000, 0x0000000100000000)
  eden space 33280K, 100% used [0x00000000d5d80000,0x00000000d7e00000,0x00000000d7e00000)
  from space 5120K, 99% used [0x00000000d7e00000,0x00000000d82fe030,0x00000000d8300000)
  to   space 5120K, 0% used [0x00000000d8300000,0x00000000d8300000,0x00000000d8800000)
 ParOldGen       total 87552K, used 4513K [0x0000000081800000, 0x0000000086d80000, 0x00000000d5d80000)
  object space 87552K, 5% used [0x0000000081800000,0x0000000081c68540,0x0000000086d80000)
 Metaspace       used 16836K, capacity 17146K, committed 17280K, reserved 1064960K
  class space    used 2009K, capacity 2114K, committed 2176K, reserved 1048576K
Event: 8.280 GC heap after
Heap after GC invocations=4 (full 0):
 PSYoungGen      total 38400K, used 5112K [0x00000000d5d80000, 0x00000000da880000, 0x0000000100000000)
  eden space 33280K, 0% used [0x00000000d5d80000,0x00000000d5d80000,0x00000000d7e00000)
  from space 5120K, 99% used [0x00000000d8300000,0x00000000d87fe050,0x00000000d8800000)
  to   space 5120K, 0% used [0x00000000d7e00000,0x00000000d7e00000,0x00000000d8300000)
 ParOldGen       total 87552K, used 8215K [0x0000000081800000, 0x0000000086d80000, 0x00000000d5d80000)
  object space 87552K, 9% used [0x0000000081800000,0x0000000082005dc0,0x0000000086d80000)
 Metaspace       used 16836K, capacity 17146K, committed 17280K, reserved 1064960K
  class space    used 2009K, capacity 2114K, committed 2176K, reserved 1048576K
}
Event: 10.001 GC heap before
{Heap before GC invocations=5 (full 0):
 PSYoungGen      total 38400K, used 38392K [0x00000000d5d80000, 0x00000000da880000, 0x0000000100000000)
  eden space 33280K, 100% used [0x00000000d5d80000,0x00000000d7e00000,0x00000000d7e00000)
  from space 5120K, 99% used [0x00000000d8300000,0x00000000d87fe050,0x00000000d8800000)
  to   space 5120K, 0% used [0x00000000d7e00000,0x00000000d7e00000,0x00000000d8300000)
 ParOldGen       total 87552K, used 8215K [0x0000000081800000, 0x0000000086d80000, 0x00000000d5d80000)
  object space 87552K, 9% used [0x0000000081800000,0x0000000082005dc0,0x0000000086d80000)
 Metaspace       used 17164K, capacity 17610K, committed 17792K, reserved 1064960K
  class space    used 2015K, capacity 2116K, committed 2176K, reserved 1048576K
Event: 10.027 GC heap after
Heap after GC invocations=5 (full 0):
 PSYoungGen      total 38400K, used 5112K [0x00000000d5d80000, 0x00000000db180000, 0x0000000100000000)
  eden space 33280K, 0% used [0x00000000d5d80000,0x00000000d5d80000,0x00000000d7e00000)
  from space 5120K, 99% used [0x00000000d7e00000,0x00000000d82fe050,0x00000000d8300000)
  to   space 9728K, 0% used [0x00000000da800000,0x00000000da800000,0x00000000db180000)
 ParOldGen       total 87552K, used 10806K [0x0000000081800000, 0x0000000086d80000, 0x00000000d5d80000)
  object space 87552K, 12% used [0x0000000081800000,0x000000008228d978,0x0000000086d80000)
 Metaspace       used 17164K, capacity 17610K, committed 17792K, reserved 1064960K
  class space    used 2015K, capacity 2116K, committed 2176K, reserved 1048576K
}
Event: 12.330 GC heap before
{Heap before GC invocations=6 (full 0):
 PSYoungGen      total 38400K, used 38392K [0x00000000d5d80000, 0x00000000db180000, 0x0000000100000000)
  eden space 33280K, 100% used [0x00000000d5d80000,0x00000000d7e00000,0x00000000d7e00000)
  from space 5120K, 99% used [0x00000000d7e00000,0x00000000d82fe050,0x00000000d8300000)
  to   space 9728K, 0% used [0x00000000da800000,0x00000000da800000,0x00000000db180000)
 ParOldGen       total 87552K, used 10806K [0x0000000081800000, 0x0000000086d80000, 0x00000000d5d80000)
  object space 87552K, 12% used [0x0000000081800000,0x000000008228d978,0x0000000086d80000)
 Metaspace       used 17482K, capacity 17902K, committed 18048K, reserved 1064960K
  class space    used 2018K, capacity 2122K, committed 2176K, reserved 1048576K
Event: 12.364 GC heap after
Heap after GC invocations=6 (full 0):
 PSYoungGen      total 76288K, used 8072K [0x00000000d5d80000, 0x00000000db180000, 0x0000000100000000)
  eden space 66560K, 0% used [0x00000000d5d80000,0x00000000d5d80000,0x00000000d9e80000)
  from space 9728K, 82% used [0x00000000da800000,0x00000000dafe2020,0x00000000db180000)
  to   space 9728K, 0% used [0x00000000d9e80000,0x00000000d9e80000,0x00000000da800000)
 ParOldGen       total 87552K, used 10814K [0x0000000081800000, 0x0000000086d80000, 0x00000000d5d80000)
  object space 87552K, 12% used [0x0000000081800000,0x000000008228f978,0x0000000086d80000)
 Metaspace       used 17482K, capacity 17902K, committed 18048K, reserved 1064960K
  class space    used 2018K, capacity 2122K, committed 2176K, reserved 1048576K
}
Event: 15.822 GC heap before
{Heap before GC invocations=7 (full 0):
 PSYoungGen      total 76288K, used 37226K [0x00000000d5d80000, 0x00000000db180000, 0x0000000100000000)
  eden space 66560K, 43% used [0x00000000d5d80000,0x00000000d79f8850,0x00000000d9e80000)
  from space 9728K, 82% used [0x00000000da800000,0x00000000dafe2020,0x00000000db180000)
  to   space 9728K, 0% used [0x00000000d9e80000,0x00000000d9e80000,0x00000000da800000)
 ParOldGen       total 87552K, used 10814K [0x0000000081800000, 0x0000000086d80000, 0x00000000d5d80000)
  object space 87552K, 12% used [0x0000000081800000,0x000000008228f978,0x0000000086d80000)
 Metaspace       used 20652K, capacity 21140K, committed 21248K, reserved 1069056K
  class space    used 2385K, capacity 2557K, committed 2560K, reserved 1048576K
Event: 16.064 GC heap after
Heap after GC invocations=7 (full 0):
 PSYoungGen      total 76288K, used 8871K [0x00000000d5d80000, 0x00000000db180000, 0x0000000100000000)
  eden space 66560K, 0% used [0x00000000d5d80000,0x00000000d5d80000,0x00000000d9e80000)
  from space 9728K, 91% used [0x00000000d9e80000,0x00000000da729e60,0x00000000da800000)
  to   space 9728K, 0% used [0x00000000da800000,0x00000000da800000,0x00000000db180000)
 ParOldGen       total 87552K, used 12598K [0x0000000081800000, 0x0000000086d80000, 0x00000000d5d80000)
  object space 87552K, 14% used [0x0000000081800000,0x000000008244da18,0x0000000086d80000)
 Metaspace       used 20652K, capacity 21140K, committed 21248K, reserved 1069056K
  class space    used 2385K, capacity 2557K, committed 2560K, reserved 1048576K
}
Event: 16.064 GC heap before
{Heap before GC invocations=8 (full 1):
 PSYoungGen      total 76288K, used 8871K [0x00000000d5d80000, 0x00000000db180000, 0x0000000100000000)
  eden space 66560K, 0% used [0x00000000d5d80000,0x00000000d5d80000,0x00000000d9e80000)
  from space 9728K, 91% used [0x00000000d9e80000,0x00000000da729e60,0x00000000da800000)
  to   space 9728K, 0% used [0x00000000da800000,0x00000000da800000,0x00000000db180000)
 ParOldGen       total 87552K, used 12598K [0x0000000081800000, 0x0000000086d80000, 0x00000000d5d80000)
  object space 87552K, 14% used [0x0000000081800000,0x000000008244da18,0x0000000086d80000)
 Metaspace       used 20652K, capacity 21140K, committed 21248K, reserved 1069056K
  class space    used 2385K, capacity 2557K, committed 2560K, reserved 1048576K
Event: 16.596 GC heap after
Heap after GC invocations=8 (full 1):
 PSYoungGen      total 76288K, used 0K [0x00000000d5d80000, 0x00000000db180000, 0x0000000100000000)
  eden space 66560K, 0% used [0x00000000d5d80000,0x00000000d5d80000,0x00000000d9e80000)
  from space 9728K, 0% used [0x00000000d9e80000,0x00000000d9e80000,0x00000000da800000)
  to   space 9728K, 0% used [0x00000000da800000,0x00000000da800000,0x00000000db180000)
 ParOldGen       total 71680K, used 15138K [0x0000000081800000, 0x0000000085e00000, 0x00000000d5d80000)
  object space 71680K, 21% used [0x0000000081800000,0x00000000826c89a8,0x0000000085e00000)
 Metaspace       used 20652K, capacity 21140K, committed 21248K, reserved 1069056K
  class space    used 2385K, capacity 2557K, committed 2560K, reserved 1048576K
}

Deoptimization events (10 events):
Event: 17.989 Thread 0x0000000003442800 Uncommon trap: reason=bimorphic action=maybe_recompile pc=0x0000000003e81cb4 method=java.util.regex.Matcher.match(II)Z @ 86
Event: 17.989 Thread 0x0000000003442800 Uncommon trap: reason=bimorphic action=maybe_recompile pc=0x0000000003e81cb4 method=java.util.regex.Matcher.match(II)Z @ 86
Event: 17.989 Thread 0x0000000003442800 Uncommon trap: reason=bimorphic action=maybe_recompile pc=0x0000000003e81cb4 method=java.util.regex.Matcher.match(II)Z @ 86
Event: 18.372 Thread 0x0000000003442800 Uncommon trap: reason=unstable_if action=reinterpret pc=0x000000000413b5ec method=java.lang.CharacterDataLatin1.digit(II)I @ 60
Event: 18.376 Thread 0x0000000003442800 Uncommon trap: reason=unstable_if action=reinterpret pc=0x0000000004137464 method=java.lang.CharacterDataLatin1.digit(II)I @ 60
Event: 18.634 Thread 0x0000000003442800 Uncommon trap: reason=class_check action=maybe_recompile pc=0x0000000003c14c40 method=sun.nio.cs.StreamEncoder.writeBytes()V @ 120
Event: 18.689 Thread 0x0000000003442800 Uncommon trap: reason=unstable_if action=reinterpret pc=0x0000000003f466c0 method=org.codehaus.plexus.interpolation.StringSearchInterpolator.interpolate(Ljava/lang/String;Lorg/codehaus/plexus/interpolation/RecursionInterceptor;Ljava/util/Set;)Ljava/lang/S
Event: 18.704 Thread 0x0000000003442800 Uncommon trap: reason=unstable_if action=reinterpret pc=0x00000000038f73b4 method=java.util.HashMap.hash(Ljava/lang/Object;)I @ 1
Event: 18.704 Thread 0x0000000003442800 Uncommon trap: reason=unstable_if action=reinterpret pc=0x0000000003885d28 method=java.util.HashMap.hash(Ljava/lang/Object;)I @ 1
Event: 18.704 Thread 0x0000000003442800 Uncommon trap: reason=unstable_if action=reinterpret pc=0x00000000038f6df8 method=java.util.HashMap.getNode(ILjava/lang/Object;)Ljava/util/HashMap$Node; @ 53

Classes redefined (0 events):
No events

Internal exceptions (10 events):
Event: 3.902 Thread 0x0000000003442800 Implicit null exception at 0x000000000374101b to 0x00000000037411c5
Event: 4.846 Thread 0x0000000003442800 Implicit null exception at 0x00000000037954d9 to 0x0000000003795889
Event: 4.846 Thread 0x0000000003442800 Implicit null exception at 0x000000000375b516 to 0x000000000375b8ad
Event: 5.331 Thread 0x0000000003442800 Implicit null exception at 0x0000000003b940d5 to 0x0000000003b95375
Event: 6.523 Thread 0x0000000003442800 Implicit null exception at 0x0000000003c94d40 to 0x0000000003c952bd
Event: 6.754 Thread 0x0000000003442800 Implicit null exception at 0x0000000003ccd437 to 0x0000000003ccd681
Event: 15.261 Thread 0x0000000003442800 Exception <a 'java/lang/NoSuchFieldError': method resolution failed> (0x00000000d70b6918) thrown at [C:\re\workspace\8-2-build-windows-amd64-cygwin\jdk8u211\12973\hotspot\src\share\vm\prims\methodHandles.cpp, line 1167]
Event: 15.263 Thread 0x0000000003442800 Exception <a 'java/lang/NoSuchFieldError': method resolution failed> (0x00000000d70c53e8) thrown at [C:\re\workspace\8-2-build-windows-amd64-cygwin\jdk8u211\12973\hotspot\src\share\vm\prims\methodHandles.cpp, line 1167]
Event: 18.704 Thread 0x0000000003442800 Implicit null exception at 0x00000000038f71d5 to 0x00000000038f73a5
Event: 18.704 Thread 0x0000000003442800 Implicit null exception at 0x0000000003885caf to 0x0000000003885d19

Events (10 events):
Event: 18.699 Thread 0x0000000003442800 DEOPT UNPACKING pc=0x0000000003587890 sp=0x000000000333bb80 mode 0
Event: 18.704 Thread 0x0000000003442800 Uncommon trap: trap_request=0xffffff65 fr.pc=0x00000000038f73b4
Event: 18.704 Thread 0x0000000003442800 DEOPT PACKING pc=0x00000000038f73b4 sp=0x000000000333da40
Event: 18.704 Thread 0x0000000003442800 DEOPT UNPACKING pc=0x000000000358583b sp=0x000000000333d978 mode 2
Event: 18.704 Thread 0x0000000003442800 Uncommon trap: trap_request=0xffffff65 fr.pc=0x0000000003885d28
Event: 18.704 Thread 0x0000000003442800 DEOPT PACKING pc=0x0000000003885d28 sp=0x000000000333d9c0
Event: 18.704 Thread 0x0000000003442800 DEOPT UNPACKING pc=0x000000000358583b sp=0x000000000333d960 mode 2
Event: 18.704 Thread 0x0000000003442800 Uncommon trap: trap_request=0xffffff65 fr.pc=0x00000000038f6df8
Event: 18.704 Thread 0x0000000003442800 DEOPT PACKING pc=0x00000000038f6df8 sp=0x000000000333d9b0
Event: 18.704 Thread 0x0000000003442800 DEOPT UNPACKING pc=0x000000000358583b sp=0x000000000333d940 mode 2


Dynamic libraries:
0x00007ff7b6d80000 - 0x00007ff7b6db7000 	C:\Program Files\Java\jdk1.8.0_211\bin\java.exe
0x00007ffd4b410000 - 0x00007ffd4b605000 	C:\Windows\SYSTEM32\ntdll.dll
0x00007ffd4a860000 - 0x00007ffd4a91d000 	C:\Windows\System32\KERNEL32.DLL
0x00007ffd48eb0000 - 0x00007ffd4917d000 	C:\Windows\System32\KERNELBASE.dll
0x00007ffd49d70000 - 0x00007ffd49e1e000 	C:\Windows\System32\ADVAPI32.dll
0x00007ffd4b2b0000 - 0x00007ffd4b34e000 	C:\Windows\System32\msvcrt.dll
0x00007ffd4a090000 - 0x00007ffd4a12c000 	C:\Windows\System32\sechost.dll
0x00007ffd49460000 - 0x00007ffd49585000 	C:\Windows\System32\RPCRT4.dll
0x00007ffd4afe0000 - 0x00007ffd4b180000 	C:\Windows\System32\USER32.dll
0x00007ffd48b50000 - 0x00007ffd48b72000 	C:\Windows\System32\win32u.dll
0x00007ffd4aa00000 - 0x00007ffd4aa2a000 	C:\Windows\System32\GDI32.dll
0x00007ffd48da0000 - 0x00007ffd48eab000 	C:\Windows\System32\gdi32full.dll
0x00007ffd49180000 - 0x00007ffd4921d000 	C:\Windows\System32\msvcp_win.dll
0x00007ffd48b80000 - 0x00007ffd48c80000 	C:\Windows\System32\ucrtbase.dll
0x00007ffd2fd60000 - 0x00007ffd2fffa000 	C:\Windows\WinSxS\amd64_microsoft.windows.common-controls_6595b64144ccf1df_6.0.19041.1110_none_60b5254171f9507e\COMCTL32.dll
0x00007ffd4a780000 - 0x00007ffd4a7b0000 	C:\Windows\System32\IMM32.DLL
0x0000000064040000 - 0x0000000064112000 	C:\Program Files\Java\jdk1.8.0_211\jre\bin\msvcr100.dll
0x0000000063790000 - 0x0000000064035000 	C:\Program Files\Java\jdk1.8.0_211\jre\bin\server\jvm.dll
0x00007ffd4aa90000 - 0x00007ffd4aa98000 	C:\Windows\System32\PSAPI.DLL
0x00007ffd322a0000 - 0x00007ffd322a9000 	C:\Windows\SYSTEM32\WSOCK32.dll
0x00007ffd4a990000 - 0x00007ffd4a9fb000 	C:\Windows\System32\WS2_32.dll
0x00007ffd32350000 - 0x00007ffd32377000 	C:\Windows\SYSTEM32\WINMM.dll
0x00007ffd40560000 - 0x00007ffd4056a000 	C:\Windows\SYSTEM32\VERSION.dll
0x00007ffd40540000 - 0x00007ffd4054f000 	C:\Program Files\Java\jdk1.8.0_211\jre\bin\verify.dll
0x00007ffd2b9e0000 - 0x00007ffd2ba09000 	C:\Program Files\Java\jdk1.8.0_211\jre\bin\java.dll
0x00007ffd32fb0000 - 0x00007ffd32fd3000 	C:\Program Files\Java\jdk1.8.0_211\jre\bin\instrument.dll
0x00007ffd40500000 - 0x00007ffd40516000 	C:\Program Files\Java\jdk1.8.0_211\jre\bin\zip.dll
0x00007ffd49620000 - 0x00007ffd49d64000 	C:\Windows\System32\SHELL32.dll
0x00007ffd46c20000 - 0x00007ffd473b4000 	C:\Windows\SYSTEM32\windows.storage.dll
0x00007ffd4abb0000 - 0x00007ffd4af04000 	C:\Windows\System32\combase.dll
0x00007ffd48580000 - 0x00007ffd485ac000 	C:\Windows\SYSTEM32\Wldp.dll
0x00007ffd4ab00000 - 0x00007ffd4abad000 	C:\Windows\System32\SHCORE.dll
0x00007ffd4a920000 - 0x00007ffd4a975000 	C:\Windows\System32\shlwapi.dll
0x00007ffd48a60000 - 0x00007ffd48a7f000 	C:\Windows\SYSTEM32\profapi.dll
0x00007ffd2b9c0000 - 0x00007ffd2b9da000 	C:\Program Files\Java\jdk1.8.0_211\jre\bin\net.dll
0x00007ffd37e80000 - 0x00007ffd3806c000 	C:\Windows\SYSTEM32\urlmon.dll
0x00007ffd371f0000 - 0x00007ffd374a1000 	C:\Windows\SYSTEM32\iertutil.dll
0x00007ffd371c0000 - 0x00007ffd371e8000 	C:\Windows\SYSTEM32\srvcli.dll
0x00007ffd47fc0000 - 0x00007ffd47fcc000 	C:\Windows\SYSTEM32\netutils.dll
0x00007ffd482e0000 - 0x00007ffd4834a000 	C:\Windows\system32\mswsock.dll
0x00007ffd484d0000 - 0x00007ffd484e8000 	C:\Windows\SYSTEM32\CRYPTSP.dll
0x00007ffd47bf0000 - 0x00007ffd47c24000 	C:\Windows\system32\rsaenh.dll
0x00007ffd48b20000 - 0x00007ffd48b47000 	C:\Windows\System32\bcrypt.dll
0x00007ffd489e0000 - 0x00007ffd48a0e000 	C:\Windows\SYSTEM32\USERENV.dll
0x00007ffd49220000 - 0x00007ffd492a2000 	C:\Windows\System32\bcryptprimitives.dll
0x00007ffd484f0000 - 0x00007ffd484fc000 	C:\Windows\SYSTEM32\CRYPTBASE.dll
0x00007ffd47f80000 - 0x00007ffd47fbb000 	C:\Windows\SYSTEM32\IPHLPAPI.DLL
0x00007ffd49f60000 - 0x00007ffd49f68000 	C:\Windows\System32\NSI.dll
0x00007ffd3cc80000 - 0x00007ffd3cc97000 	C:\Windows\SYSTEM32\dhcpcsvc6.DLL
0x00007ffd3eda0000 - 0x00007ffd3edbd000 	C:\Windows\SYSTEM32\dhcpcsvc.DLL
0x00007ffd47fd0000 - 0x00007ffd4809b000 	C:\Windows\SYSTEM32\DNSAPI.dll
0x00007ffd2b950000 - 0x00007ffd2b962000 	C:\Program Files\Java\jdk1.8.0_211\jre\bin\nio.dll
0x00007ffd40550000 - 0x00007ffd4055a000 	C:\Users\75134\AppData\Local\Temp\jansi-1.17.1-7055228419714341037.dll
0x00007ffd404f0000 - 0x00007ffd404fa000 	C:\Users\75134\AppData\Local\Temp\jansi-1.17.1-5610576649847018407.dll
0x00007ffd32f80000 - 0x00007ffd32fa4000 	C:\Program Files\Java\jdk1.8.0_211\jre\bin\sunec.dll
0x00000000643c0000 - 0x00000000643e6000 	C:\Program Files\Bonjour\mdnsNSP.dll
0x00007ffd402d0000 - 0x00007ffd402da000 	C:\Windows\System32\rasadhlp.dll
0x00007ffd38fa0000 - 0x00007ffd39020000 	C:\Windows\System32\fwpuclnt.dll
0x00007ffd42fa0000 - 0x00007ffd42fab000 	C:\Program Files\Java\jdk1.8.0_211\jre\bin\sunmscapi.dll
0x00007ffd49300000 - 0x00007ffd49456000 	C:\Windows\System32\CRYPT32.dll

VM Arguments:
jvm_args: -Dmaven.multiModuleProjectDirectory=D:\workarea5\SGBlog\SGBlogApi -Dmaven.home=D:\Maven\apache-maven-3.6.3-bin\apache-maven-3.6.3 -Dclassworlds.conf=D:\Maven\apache-maven-3.6.3-bin\apache-maven-3.6.3\bin\m2.conf -Dmaven.ext.class.path=D:\学习软件\IntelliJ IDEA 2019.3.3\IntelliJ IDEA 2019.3.3\plugins\maven\lib\maven-event-listener.jar -javaagent:D:\学习软件\IntelliJ IDEA 2019.3.3\IntelliJ IDEA 2019.3.3\lib\idea_rt.jar=50837:D:\学习软件\IntelliJ IDEA 2019.3.3\IntelliJ IDEA 2019.3.3\bin -Dfile.encoding=UTF-8 
java_command: org.codehaus.classworlds.Launcher -Didea.version2019.3.3 -s D:\Maven\apache-maven-3.6.3-bin\apache-maven-3.6.3\conf\settings.xml install
java_class_path (initial): D:\Maven\apache-maven-3.6.3-bin\apache-maven-3.6.3\boot\plexus-classworlds-2.6.0.jar;D:\Maven\apache-maven-3.6.3-bin\apache-maven-3.6.3\boot\plexus-classworlds.license;D:\学习软件\IntelliJ IDEA 2019.3.3\IntelliJ IDEA 2019.3.3\lib\idea_rt.jar
Launcher Type: SUN_STANDARD

Environment Variables:
JAVA_HOME=C:\Program Files\Java\jdk1.8.0_211
CLASSPATH=.;
PATH=D:\常用软件运行文件\xshell\;C:\Windows\system32;C:\Windows;C:\Windows\System32\Wbem;C:\Windows\System32\WindowsPowerShell\v1.0\;C:\Windows\System32\OpenSSH\;C:\ProgramData\chocolatey\bin;C:\Program Files\Git\cmd;C:\Program Files\Microsoft VS Code\bin;C:\ProgramData\nvm;C:\Program Files\nodejs;C:\ProgramData\chocolatey\lib\gsudo\bin\;C:\Program Files (x86)\Yarn\bin\;C:\Program Files\Java\jdk1.8.0_211\bin;C:\Program Files\Go\bin;C:\Users\75134\AppData\Local\Microsoft\WindowsApps;C:\Users\75134\AppData\Local\Programs\Microsoft VS Code\bin;C:\Program Files\Bandizip\;C:\Users\75134\AppData\Local\Yarn\bin;C:\tools\mysql\current\bin;C:\ProgramData\nvm;C:\Users\75134\go\bin
USERNAME=75134
OS=Windows_NT
PROCESSOR_IDENTIFIER=Intel64 Family 6 Model 142 Stepping 9, GenuineIntel



---------------  S Y S T E M  ---------------

OS: Windows 10.0 , 64 bit Build 19041 (10.0.19041.1706)

CPU:total 4 (initial active 4) (2 cores per cpu, 2 threads per core) family 6 model 142 stepping 9, cmov, cx8, fxsr, mmx, sse, sse2, sse3, ssse3, sse4.1, sse4.2, popcnt, avx, avx2, aes, clmul, erms, 3dnowpref, lzcnt, ht, tsc, tscinvbit, bmi1, bmi2, adx

Memory: 4k page, physical 8289828k(309644k free), swap 21397024k(5216k free)

vm_info: Java HotSpot(TM) 64-Bit Server VM (25.211-b12) for windows-amd64 JRE (1.8.0_211-b12), built on Apr  1 2019 20:53:26 by "java_re" with MS VC++ 10.0 (VS2010)

time: Mon May 16 22:10:27 2022
timezone: 中国标准时间
elapsed time: 21 seconds (0d 0h 0m 21s)

