#
# There is insufficient memory for the Java Runtime Environment to continue.
# Native memory allocation (malloc) failed to allocate 1048576 bytes for AllocateHeap
# Possible reasons:
#   The system is out of physical RAM or swap space
#   The process is running with CompressedOops enabled, and the Java Heap may be blocking the growth of the native heap
# Possible solutions:
#   Reduce memory load on the system
#   Increase physical memory or swap space
#   Check if swap backing store is full
#   Decrease Java heap size (-Xmx/-Xms)
#   Decrease number of Java threads
#   Decrease Java thread stack sizes (-Xss)
#   Set larger code cache with -XX:ReservedCodeCacheSize=
#   JVM is running with Unscaled Compressed Oops mode in which the Java heap is
#     placed in the first 4GB address space. The Java Heap base address is the
#     maximum limit for the native heap growth. Please use -XX:HeapBaseMinAddress
#     to set the Java Heap base and to place the Java Heap above 4GB virtual address.
# This output file may be truncated or incomplete.
#
#  Out of Memory Error (memory/allocation.inline.hpp:61), pid=15848, tid=0x0000000000004e68
#
# JRE version:  (8.0_211-b12) (build )
# Java VM: Java HotSpot(TM) 64-Bit Server VM (25.211-b12 mixed mode windows-amd64 compressed oops)
# Failed to write core dump. Minidumps are not enabled by default on client versions of Windows
#

---------------  T H R E A D  ---------------

Current thread (0x000000000101e800):  JavaThread "Unknown thread" [_thread_in_vm, id=20072, stack(0x00000000031b0000,0x00000000032b0000)]

Stack: [0x00000000031b0000,0x00000000032b0000]
[error occurred during error reporting (printing stack bounds), id 0xc0000005]

Native frames: (J=compiled Java code, j=interpreted, Vv=VM code, C=native code)


---------------  P R O C E S S  ---------------

Java Threads: ( => current thread )

Other Threads:

=>0x000000000101e800 (exited) JavaThread "Unknown thread" [_thread_in_vm, id=20072, stack(0x00000000031b0000,0x00000000032b0000)]

VM state:not at safepoint (normal execution)

VM Mutex/Monitor currently owned by a thread: None

heap address: 0x0000000081800000, size: 2024 MB, Compressed Oops mode: 32-bit
Narrow klass base: 0x0000000000000000, Narrow klass shift: 3
Compressed class space size: 1073741824 Address: 0x0000000100000000

Heap:
 PSYoungGen      total 38400K, used 665K [0x00000000d5d80000, 0x00000000d8800000, 0x0000000100000000)
  eden space 33280K, 2% used [0x00000000d5d80000,0x00000000d5e26670,0x00000000d7e00000)
  from space 5120K, 0% used [0x00000000d8300000,0x00000000d8300000,0x00000000d8800000)
  to   space 5120K, 0% used [0x00000000d7e00000,0x00000000d7e00000,0x00000000d8300000)
 ParOldGen       total 87552K, used 0K [0x0000000081800000, 0x0000000086d80000, 0x00000000d5d80000)
  object space 87552K, 0% used [0x0000000081800000,0x0000000081800000,0x0000000086d80000)
 Metaspace       used 786K, capacity 1156K, committed 1408K, reserved 1060864K
  class space    used 76K, capacity 384K, committed 384K, reserved 1048576K

Card table byte_map: [0x0000000012770000,0x0000000012b70000] byte_map_base: 0x0000000012364000

Marking Bits: (ParMarkBitMap*) 0x0000000063fb5ce0
 Begin Bits: [0x0000000013220000, 0x00000000151c0000)
 End Bits:   [0x00000000151c0000, 0x0000000017160000)

Polling page: 0x0000000001070000

CodeCache: size=245760Kb used=328Kb max_used=328Kb free=245431Kb
 bounds [0x00000000033b0000, 0x0000000003620000, 0x00000000123b0000]
 total_blobs=58 nmethods=0 adapters=38
 compilation: enabled

Compilation events (0 events):
No events

GC Heap History (0 events):
No events

Deoptimization events (0 events):
No events

Classes redefined (0 events):
No events

Internal exceptions (0 events):
No events

Events (10 events):
Event: 0.040 loading class java/lang/Short
Event: 0.040 loading class java/lang/Short done
Event: 0.040 loading class java/lang/Integer
Event: 0.040 loading class java/lang/Integer done
Event: 0.040 loading class java/lang/Long
Event: 0.040 loading class java/lang/Long done
Event: 0.042 loading class java/lang/NullPointerException
Event: 0.042 loading class java/lang/NullPointerException done
Event: 0.042 loading class java/lang/ArithmeticException
Event: 0.042 loading class java/lang/ArithmeticException done


Dynamic libraries:
0x00007ff6a7bf0000 - 0x00007ff6a7c27000 	C:\Program Files\Java\jdk1.8.0_211\jre\bin\java.exe
0x00007ffd4b410000 - 0x00007ffd4b605000 	C:\Windows\SYSTEM32\ntdll.dll
0x00007ffd4a860000 - 0x00007ffd4a91d000 	C:\Windows\System32\KERNEL32.DLL
0x00007ffd48eb0000 - 0x00007ffd4917d000 	C:\Windows\System32\KERNELBASE.dll
0x00007ffd49d70000 - 0x00007ffd49e1e000 	C:\Windows\System32\ADVAPI32.dll
0x00007ffd4b2b0000 - 0x00007ffd4b34e000 	C:\Windows\System32\msvcrt.dll
0x00007ffd4a090000 - 0x00007ffd4a12c000 	C:\Windows\System32\sechost.dll
0x00007ffd49460000 - 0x00007ffd49585000 	C:\Windows\System32\RPCRT4.dll
0x00007ffd4afe0000 - 0x00007ffd4b180000 	C:\Windows\System32\USER32.dll
0x00007ffd48b50000 - 0x00007ffd48b72000 	C:\Windows\System32\win32u.dll
0x00007ffd4aa00000 - 0x00007ffd4aa2a000 	C:\Windows\System32\GDI32.dll
0x00007ffd48da0000 - 0x00007ffd48eab000 	C:\Windows\System32\gdi32full.dll
0x00007ffd49180000 - 0x00007ffd4921d000 	C:\Windows\System32\msvcp_win.dll
0x00007ffd48b80000 - 0x00007ffd48c80000 	C:\Windows\System32\ucrtbase.dll
0x00007ffd2fd60000 - 0x00007ffd2fffa000 	C:\Windows\WinSxS\amd64_microsoft.windows.common-controls_6595b64144ccf1df_6.0.19041.1110_none_60b5254171f9507e\COMCTL32.dll
0x00007ffd4a780000 - 0x00007ffd4a7b0000 	C:\Windows\System32\IMM32.DLL
0x0000000064040000 - 0x0000000064112000 	C:\Program Files\Java\jdk1.8.0_211\jre\bin\msvcr100.dll
0x0000000063790000 - 0x0000000064035000 	C:\Program Files\Java\jdk1.8.0_211\jre\bin\server\jvm.dll
0x00007ffd4aa90000 - 0x00007ffd4aa98000 	C:\Windows\System32\PSAPI.DLL
0x00007ffd32350000 - 0x00007ffd32377000 	C:\Windows\SYSTEM32\WINMM.dll
0x00007ffd322a0000 - 0x00007ffd322a9000 	C:\Windows\SYSTEM32\WSOCK32.dll
0x00007ffd4a990000 - 0x00007ffd4a9fb000 	C:\Windows\System32\WS2_32.dll
0x00007ffd40560000 - 0x00007ffd4056a000 	C:\Windows\SYSTEM32\VERSION.dll
0x00007ffd40540000 - 0x00007ffd4054f000 	C:\Program Files\Java\jdk1.8.0_211\jre\bin\verify.dll
0x00007ffd2b9e0000 - 0x00007ffd2ba09000 	C:\Program Files\Java\jdk1.8.0_211\jre\bin\java.dll
0x00007ffd40500000 - 0x00007ffd40516000 	C:\Program Files\Java\jdk1.8.0_211\jre\bin\zip.dll

VM Arguments:
java_command: D:\workarea5\SGBlog\SGBlogApi\sangeng-blog\target\surefire\surefirebooter7739329406808655053.jar D:\workarea5\SGBlog\SGBlogApi\sangeng-blog\target\surefire\surefire3710780440734367865tmp D:\workarea5\SGBlog\SGBlogApi\sangeng-blog\target\surefire\surefire_07520525235147988555tmp
java_class_path (initial): D:\workarea5\SGBlog\SGBlogApi\sangeng-blog\target\surefire\surefirebooter7739329406808655053.jar
Launcher Type: SUN_STANDARD

Environment Variables:
JAVA_HOME=C:\Program Files\Java\jdk1.8.0_211
CLASSPATH=.;
PATH=D:\常用软件运行文件\xshell\;C:\Windows\system32;C:\Windows;C:\Windows\System32\Wbem;C:\Windows\System32\WindowsPowerShell\v1.0\;C:\Windows\System32\OpenSSH\;C:\ProgramData\chocolatey\bin;C:\Program Files\Git\cmd;C:\Program Files\Microsoft VS Code\bin;C:\ProgramData\nvm;C:\Program Files\nodejs;C:\ProgramData\chocolatey\lib\gsudo\bin\;C:\Program Files (x86)\Yarn\bin\;C:\Program Files\Java\jdk1.8.0_211\bin;C:\Program Files\Go\bin;C:\Users\75134\AppData\Local\Microsoft\WindowsApps;C:\Users\75134\AppData\Local\Programs\Microsoft VS Code\bin;C:\Program Files\Bandizip\;C:\Users\75134\AppData\Local\Yarn\bin;C:\tools\mysql\current\bin;C:\ProgramData\nvm;C:\Users\75134\go\bin
USERNAME=75134
OS=Windows_NT
PROCESSOR_IDENTIFIER=Intel64 Family 6 Model 142 Stepping 9, GenuineIntel



---------------  S Y S T E M  ---------------

OS: Windows 10.0 , 64 bit Build 19041 (10.0.19041.1706)

CPU:total 4 (initial active 4) (2 cores per cpu, 2 threads per core) family 6 model 142 stepping 9, cmov, cx8, fxsr, mmx, sse, sse2, sse3, ssse3, sse4.1, sse4.2, popcnt, avx, avx2, aes, clmul, erms, 3dnowpref, lzcnt, ht, tsc, tscinvbit, bmi1, bmi2, adx

Memory: 4k page, physical 8289828k(349736k free), swap 21397024k(5492k free)

vm_info: Java HotSpot(TM) 64-Bit Server VM (25.211-b12) for windows-amd64 JRE (1.8.0_211-b12), built on Apr  1 2019 20:53:26 by "java_re" with MS VC++ 10.0 (VS2010)

time: Tue May 17 01:10:09 2022
timezone: 中国标准时间
elapsed time: 0 seconds (0d 0h 0m 0s)

