#
# There is insufficient memory for the Java Runtime Environment to continue.
# Native memory allocation (malloc) failed to allocate 131088 bytes for Chunk::new
# Possible reasons:
#   The system is out of physical RAM or swap space
#   The process is running with CompressedOops enabled, and the Java Heap may be blocking the growth of the native heap
# Possible solutions:
#   Reduce memory load on the system
#   Increase physical memory or swap space
#   Check if swap backing store is full
#   Decrease Java heap size (-Xmx/-Xms)
#   Decrease number of Java threads
#   Decrease Java thread stack sizes (-Xss)
#   Set larger code cache with -XX:ReservedCodeCacheSize=
#   JVM is running with Unscaled Compressed Oops mode in which the Java heap is
#     placed in the first 4GB address space. The Java Heap base address is the
#     maximum limit for the native heap growth. Please use -XX:HeapBaseMinAddress
#     to set the Java Heap base and to place the Java Heap above 4GB virtual address.
# This output file may be truncated or incomplete.
#
#  Out of Memory Error (allocation.cpp:389), pid=15500, tid=0x0000000000005f58
#
# JRE version: Java(TM) SE Runtime Environment (8.0_211-b12) (build 1.8.0_211-b12)
# Java VM: Java HotSpot(TM) 64-Bit Server VM (25.211-b12 mixed mode windows-amd64 compressed oops)
# Failed to write core dump. Minidumps are not enabled by default on client versions of Windows
#

---------------  T H R E A D  ---------------

Current thread (0x0000000018a19000):  JavaThread "C2 CompilerThread1" daemon [_thread_in_native, id=24408, stack(0x0000000019110000,0x0000000019210000)]

Stack: [0x0000000019110000,0x0000000019210000]
[error occurred during error reporting (printing stack bounds), id 0xc0000005]

Native frames: (J=compiled Java code, j=interpreted, Vv=VM code, C=native code)


Current CompileTask:
C2: 157053 7254       4       org.springframework.core.ResolvableType::forType (115 bytes)


---------------  P R O C E S S  ---------------

Java Threads: ( => current thread )
  0x000000001ccda000 JavaThread "lettuce-eventExecutorLoop-1-3" daemon [_thread_blocked, id=21152, stack(0x0000000000940000,0x0000000000a40000)]
  0x000000001ccde000 JavaThread "lettuce-eventExecutorLoop-1-2" daemon [_thread_blocked, id=13064, stack(0x00000000257a0000,0x00000000258a0000)]
  0x000000001ccd8000 JavaThread "DestroyJavaVM" [_thread_blocked, id=6176, stack(0x0000000002890000,0x0000000002990000)]
  0x000000001ccde800 JavaThread "lettuce-eventExecutorLoop-1-1" daemon [_thread_blocked, id=3460, stack(0x00000000270f0000,0x00000000271f0000)]
  0x000000001ccd7000 JavaThread "lettuce-nioEventLoop-4-1" daemon [_thread_in_native, id=23376, stack(0x0000000025fe0000,0x00000000260e0000)]
  0x000000001ccdd000 JavaThread "HikariPool-1 housekeeper" daemon [_thread_blocked, id=23544, stack(0x0000000025ae0000,0x0000000025be0000)]
  0x0000000019706800 JavaThread "scheduling-1" [_thread_blocked, id=7676, stack(0x00000000251a0000,0x00000000252a0000)]
  0x0000000019705000 JavaThread "http-nio-7777-Acceptor" daemon [_thread_in_native, id=14736, stack(0x0000000024ca0000,0x0000000024da0000)]
  0x0000000019708000 JavaThread "http-nio-7777-ClientPoller" daemon [_thread_in_native, id=12696, stack(0x0000000024ba0000,0x0000000024ca0000)]
  0x000000001970a800 JavaThread "http-nio-7777-exec-10" daemon [_thread_blocked, id=21236, stack(0x0000000024aa0000,0x0000000024ba0000)]
  0x0000000019704800 JavaThread "http-nio-7777-exec-9" daemon [_thread_blocked, id=18524, stack(0x00000000249a0000,0x0000000024aa0000)]
  0x0000000019707800 JavaThread "http-nio-7777-exec-8" daemon [_thread_blocked, id=16264, stack(0x00000000248a0000,0x00000000249a0000)]
  0x0000000019706000 JavaThread "http-nio-7777-exec-7" daemon [_thread_blocked, id=20412, stack(0x00000000247a0000,0x00000000248a0000)]
  0x0000000019709000 JavaThread "http-nio-7777-exec-6" daemon [_thread_blocked, id=7660, stack(0x00000000225d0000,0x00000000226d0000)]
  0x0000000019709800 JavaThread "http-nio-7777-exec-5" daemon [_thread_in_vm, id=23072, stack(0x00000000224d0000,0x00000000225d0000)]
  0x0000000019703800 JavaThread "http-nio-7777-exec-4" daemon [_thread_blocked, id=14984, stack(0x00000000223d0000,0x00000000224d0000)]
  0x000000001d293000 JavaThread "http-nio-7777-exec-3" daemon [_thread_blocked, id=18156, stack(0x00000000222d0000,0x00000000223d0000)]
  0x000000001d292000 JavaThread "http-nio-7777-exec-2" daemon [_thread_blocked, id=23060, stack(0x00000000221d0000,0x00000000222d0000)]
  0x000000001d291800 JavaThread "http-nio-7777-exec-1" daemon [_thread_blocked, id=6768, stack(0x00000000220d0000,0x00000000221d0000)]
  0x000000001f532800 JavaThread "http-nio-7777-BlockPoller" daemon [_thread_in_native, id=23048, stack(0x0000000021fd0000,0x00000000220d0000)]
  0x0000000019dca800 JavaThread "mysql-cj-abandoned-connection-cleanup" daemon [_thread_blocked, id=23300, stack(0x0000000021350000,0x0000000021450000)]
  0x000000001a1cf000 JavaThread "container-0" [_thread_blocked, id=19296, stack(0x0000000020ee0000,0x0000000020fe0000)]
  0x000000001a799800 JavaThread "Catalina-utility-2" [_thread_blocked, id=15640, stack(0x0000000020de0000,0x0000000020ee0000)]
  0x0000000019b63800 JavaThread "Catalina-utility-1" [_thread_blocked, id=10812, stack(0x000000001f070000,0x000000001f170000)]
  0x000000001bba8800 JavaThread "lettuce-timer-3-1" daemon [_thread_blocked, id=21544, stack(0x000000001b200000,0x000000001b300000)]
  0x0000000018aa5000 JavaThread "Service Thread" daemon [_thread_blocked, id=5888, stack(0x0000000019310000,0x0000000019410000)]
  0x0000000018a29000 JavaThread "C1 CompilerThread2" daemon [_thread_blocked, id=16556, stack(0x0000000019210000,0x0000000019310000)]
=>0x0000000018a19000 JavaThread "C2 CompilerThread1" daemon [_thread_in_native, id=24408, stack(0x0000000019110000,0x0000000019210000)]
  0x00000000176ab800 JavaThread "C2 CompilerThread0" daemon [_thread_in_native, id=15828, stack(0x0000000019010000,0x0000000019110000)]
  0x000000001765e000 JavaThread "Attach Listener" daemon [_thread_blocked, id=15396, stack(0x0000000018f10000,0x0000000019010000)]
  0x000000001765d000 JavaThread "Signal Dispatcher" daemon [_thread_blocked, id=18252, stack(0x0000000018e10000,0x0000000018f10000)]
  0x0000000002aba000 JavaThread "Finalizer" daemon [_thread_blocked, id=5732, stack(0x00000000188a0000,0x00000000189a0000)]
  0x0000000002ab1000 JavaThread "Reference Handler" daemon [_thread_blocked, id=23768, stack(0x00000000187a0000,0x00000000188a0000)]

Other Threads:
  0x0000000017617800 VMThread [stack: 0x00000000186a0000,0x00000000187a0000] [id=22952]
  0x0000000018ac9800 WatcherThread [stack: 0x0000000019410000,0x0000000019510000] [id=13648]

VM state:not at safepoint (normal execution)

VM Mutex/Monitor currently owned by a thread: None

heap address: 0x0000000081800000, size: 2024 MB, Compressed Oops mode: 32-bit
Narrow klass base: 0x0000000000000000, Narrow klass shift: 3
Compressed class space size: 1073741824 Address: 0x0000000100000000

Heap:
 PSYoungGen      total 409600K, used 330473K [0x00000000d5d80000, 0x00000000f4f80000, 0x0000000100000000)
  eden space 392192K, 84% used [0x00000000d5d80000,0x00000000ea03a6f0,0x00000000edc80000)
  from space 17408K, 0% used [0x00000000edc80000,0x00000000edc80000,0x00000000eed80000)
  to   space 17408K, 0% used [0x00000000f3e80000,0x00000000f3e80000,0x00000000f4f80000)
 ParOldGen       total 123904K, used 27925K [0x0000000081800000, 0x0000000089100000, 0x00000000d5d80000)
  object space 123904K, 22% used [0x0000000081800000,0x0000000083345650,0x0000000089100000)
 Metaspace       used 69161K, capacity 73980K, committed 74024K, reserved 1114112K
  class space    used 8906K, capacity 9728K, committed 9768K, reserved 1048576K

Card table byte_map: [0x0000000011e90000,0x0000000012290000] byte_map_base: 0x0000000011a84000

Marking Bits: (ParMarkBitMap*) 0x0000000063fb5ce0
 Begin Bits: [0x0000000012940000, 0x00000000148e0000)
 End Bits:   [0x00000000148e0000, 0x0000000016880000)

Polling page: 0x0000000002990000

CodeCache: size=245760Kb used=21511Kb max_used=23173Kb free=224248Kb
 bounds [0x0000000002ad0000, 0x0000000004190000, 0x0000000011ad0000]
 total_blobs=6477 nmethods=5897 adapters=492
 compilation: enabled

Compilation events (10 events):
Event: 156.951 Thread 0x0000000018a29000 7255       1       java.util.concurrent.atomic.AtomicInteger::incrementAndGet (14 bytes)
Event: 156.952 Thread 0x0000000018a29000 nmethod 7255 0x00000000030ce810 code [0x00000000030ce960, 0x00000000030cea70]
Event: 156.957 Thread 0x00000000176ab800 nmethod 7253 0x000000000334ffd0 code [0x0000000003350160, 0x0000000003350590]
Event: 156.989 Thread 0x00000000176ab800 7256       4       java.util.ArrayList::contains (14 bytes)
Event: 156.990 Thread 0x0000000018a29000 7257       3       org.springframework.core.annotation.AnnotationTypeMapping::addConventionAnnotationValues (112 bytes)
Event: 156.992 Thread 0x0000000018a29000 nmethod 7257 0x000000000318b910 code [0x000000000318bae0, 0x000000000318c568]
Event: 156.993 Thread 0x00000000176ab800 nmethod 7256 0x00000000030e4550 code [0x00000000030e46a0, 0x00000000030e47d8]
Event: 156.993 Thread 0x00000000176ab800 7258       4       org.springframework.core.annotation.AttributeMethods::forAnnotationType (26 bytes)
Event: 156.993 Thread 0x0000000018a29000 7259       3       org.springframework.core.annotation.AnnotationTypeMapping$MirrorSets::updateFrom (148 bytes)
Event: 156.996 Thread 0x0000000018a29000 nmethod 7259 0x0000000002dd9790 code [0x0000000002dd9aa0, 0x0000000002ddb408]

GC Heap History (10 events):
Event: 19.639 GC heap before
{Heap before GC invocations=16 (full 2):
 PSYoungGen      total 259072K, used 247808K [0x00000000d5d80000, 0x00000000eba80000, 0x0000000100000000)
  eden space 247808K, 100% used [0x00000000d5d80000,0x00000000e4f80000,0x00000000e4f80000)
  from space 11264K, 0% used [0x00000000e4f80000,0x00000000e4f80000,0x00000000e5a80000)
  to   space 10752K, 0% used [0x00000000eb000000,0x00000000eb000000,0x00000000eba80000)
 ParOldGen       total 89600K, used 16833K [0x0000000081800000, 0x0000000086f80000, 0x00000000d5d80000)
  object space 89600K, 18% used [0x0000000081800000,0x00000000828704a0,0x0000000086f80000)
 Metaspace       used 40808K, capacity 43132K, committed 43432K, reserved 1087488K
  class space    used 5293K, capacity 5716K, committed 5800K, reserved 1048576K
Event: 19.663 GC heap after
Heap after GC invocations=16 (full 2):
 PSYoungGen      total 324608K, used 8616K [0x00000000d5d80000, 0x00000000eb880000, 0x0000000100000000)
  eden space 315904K, 0% used [0x00000000d5d80000,0x00000000d5d80000,0x00000000e9200000)
  from space 8704K, 98% used [0x00000000eb000000,0x00000000eb86a020,0x00000000eb880000)
  to   space 11264K, 0% used [0x00000000ea280000,0x00000000ea280000,0x00000000ead80000)
 ParOldGen       total 89600K, used 16841K [0x0000000081800000, 0x0000000086f80000, 0x00000000d5d80000)
  object space 89600K, 18% used [0x0000000081800000,0x00000000828724a0,0x0000000086f80000)
 Metaspace       used 40808K, capacity 43132K, committed 43432K, reserved 1087488K
  class space    used 5293K, capacity 5716K, committed 5800K, reserved 1048576K
}
Event: 26.007 GC heap before
{Heap before GC invocations=17 (full 2):
 PSYoungGen      total 324608K, used 324520K [0x00000000d5d80000, 0x00000000eb880000, 0x0000000100000000)
  eden space 315904K, 100% used [0x00000000d5d80000,0x00000000e9200000,0x00000000e9200000)
  from space 8704K, 98% used [0x00000000eb000000,0x00000000eb86a020,0x00000000eb880000)
  to   space 11264K, 0% used [0x00000000ea280000,0x00000000ea280000,0x00000000ead80000)
 ParOldGen       total 89600K, used 16841K [0x0000000081800000, 0x0000000086f80000, 0x00000000d5d80000)
  object space 89600K, 18% used [0x0000000081800000,0x00000000828724a0,0x0000000086f80000)
 Metaspace       used 47409K, capacity 50118K, committed 50344K, reserved 1093632K
  class space    used 6079K, capacity 6559K, committed 6568K, reserved 1048576K
Event: 26.049 GC heap after
Heap after GC invocations=17 (full 2):
 PSYoungGen      total 344064K, used 11256K [0x00000000d5d80000, 0x00000000efa80000, 0x0000000100000000)
  eden space 332800K, 0% used [0x00000000d5d80000,0x00000000d5d80000,0x00000000ea280000)
  from space 11264K, 99% used [0x00000000ea280000,0x00000000ead7e060,0x00000000ead80000)
  to   space 13312K, 0% used [0x00000000eed80000,0x00000000eed80000,0x00000000efa80000)
 ParOldGen       total 89600K, used 17881K [0x0000000081800000, 0x0000000086f80000, 0x00000000d5d80000)
  object space 89600K, 19% used [0x0000000081800000,0x00000000829764b0,0x0000000086f80000)
 Metaspace       used 47409K, capacity 50118K, committed 50344K, reserved 1093632K
  class space    used 6079K, capacity 6559K, committed 6568K, reserved 1048576K
}
Event: 34.638 GC heap before
{Heap before GC invocations=18 (full 2):
 PSYoungGen      total 344064K, used 344056K [0x00000000d5d80000, 0x00000000efa80000, 0x0000000100000000)
  eden space 332800K, 100% used [0x00000000d5d80000,0x00000000ea280000,0x00000000ea280000)
  from space 11264K, 99% used [0x00000000ea280000,0x00000000ead7e060,0x00000000ead80000)
  to   space 13312K, 0% used [0x00000000eed80000,0x00000000eed80000,0x00000000efa80000)
 ParOldGen       total 89600K, used 17881K [0x0000000081800000, 0x0000000086f80000, 0x00000000d5d80000)
  object space 89600K, 19% used [0x0000000081800000,0x00000000829764b0,0x0000000086f80000)
 Metaspace       used 54329K, capacity 57570K, committed 57768K, reserved 1099776K
  class space    used 7001K, capacity 7551K, committed 7592K, reserved 1048576K
Event: 34.697 GC heap after
Heap after GC invocations=18 (full 2):
 PSYoungGen      total 405504K, used 13280K [0x00000000d5d80000, 0x00000000f1200000, 0x0000000100000000)
  eden space 392192K, 0% used [0x00000000d5d80000,0x00000000d5d80000,0x00000000edc80000)
  from space 13312K, 99% used [0x00000000eed80000,0x00000000efa78030,0x00000000efa80000)
  to   space 17408K, 0% used [0x00000000edc80000,0x00000000edc80000,0x00000000eed80000)
 ParOldGen       total 89600K, used 24570K [0x0000000081800000, 0x0000000086f80000, 0x00000000d5d80000)
  object space 89600K, 27% used [0x0000000081800000,0x0000000082ffe850,0x0000000086f80000)
 Metaspace       used 54329K, capacity 57570K, committed 57768K, reserved 1099776K
  class space    used 7001K, capacity 7551K, committed 7592K, reserved 1048576K
}
Event: 35.572 GC heap before
{Heap before GC invocations=19 (full 2):
 PSYoungGen      total 405504K, used 71721K [0x00000000d5d80000, 0x00000000f1200000, 0x0000000100000000)
  eden space 392192K, 14% used [0x00000000d5d80000,0x00000000d9692500,0x00000000edc80000)
  from space 13312K, 99% used [0x00000000eed80000,0x00000000efa78030,0x00000000efa80000)
  to   space 17408K, 0% used [0x00000000edc80000,0x00000000edc80000,0x00000000eed80000)
 ParOldGen       total 89600K, used 24570K [0x0000000081800000, 0x0000000086f80000, 0x00000000d5d80000)
  object space 89600K, 27% used [0x0000000081800000,0x0000000082ffe850,0x0000000086f80000)
 Metaspace       used 55646K, capacity 59098K, committed 59160K, reserved 1101824K
  class space    used 7212K, capacity 7835K, committed 7848K, reserved 1048576K
Event: 35.607 GC heap after
Heap after GC invocations=19 (full 2):
 PSYoungGen      total 409600K, used 3184K [0x00000000d5d80000, 0x00000000f4f80000, 0x0000000100000000)
  eden space 392192K, 0% used [0x00000000d5d80000,0x00000000d5d80000,0x00000000edc80000)
  from space 17408K, 18% used [0x00000000edc80000,0x00000000edf9c010,0x00000000eed80000)
  to   space 17408K, 0% used [0x00000000f3e80000,0x00000000f3e80000,0x00000000f4f80000)
 ParOldGen       total 89600K, used 30606K [0x0000000081800000, 0x0000000086f80000, 0x00000000d5d80000)
  object space 89600K, 34% used [0x0000000081800000,0x00000000835e3940,0x0000000086f80000)
 Metaspace       used 55646K, capacity 59098K, committed 59160K, reserved 1101824K
  class space    used 7212K, capacity 7835K, committed 7848K, reserved 1048576K
}
Event: 35.607 GC heap before
{Heap before GC invocations=20 (full 3):
 PSYoungGen      total 409600K, used 3184K [0x00000000d5d80000, 0x00000000f4f80000, 0x0000000100000000)
  eden space 392192K, 0% used [0x00000000d5d80000,0x00000000d5d80000,0x00000000edc80000)
  from space 17408K, 18% used [0x00000000edc80000,0x00000000edf9c010,0x00000000eed80000)
  to   space 17408K, 0% used [0x00000000f3e80000,0x00000000f3e80000,0x00000000f4f80000)
 ParOldGen       total 89600K, used 30606K [0x0000000081800000, 0x0000000086f80000, 0x00000000d5d80000)
  object space 89600K, 34% used [0x0000000081800000,0x00000000835e3940,0x0000000086f80000)
 Metaspace       used 55646K, capacity 59098K, committed 59160K, reserved 1101824K
  class space    used 7212K, capacity 7835K, committed 7848K, reserved 1048576K
Event: 35.963 GC heap after
Heap after GC invocations=20 (full 3):
 PSYoungGen      total 409600K, used 0K [0x00000000d5d80000, 0x00000000f4f80000, 0x0000000100000000)
  eden space 392192K, 0% used [0x00000000d5d80000,0x00000000d5d80000,0x00000000edc80000)
  from space 17408K, 0% used [0x00000000edc80000,0x00000000edc80000,0x00000000eed80000)
  to   space 17408K, 0% used [0x00000000f3e80000,0x00000000f3e80000,0x00000000f4f80000)
 ParOldGen       total 123904K, used 27925K [0x0000000081800000, 0x0000000089100000, 0x00000000d5d80000)
  object space 123904K, 22% used [0x0000000081800000,0x0000000083345650,0x0000000089100000)
 Metaspace       used 55646K, capacity 59098K, committed 59160K, reserved 1101824K
  class space    used 7212K, capacity 7835K, committed 7848K, reserved 1048576K
}

Deoptimization events (10 events):
Event: 40.435 Thread 0x00000000029c1800 Uncommon trap: reason=class_check action=maybe_recompile pc=0x000000000402a65c method=java.util.stream.StreamOpFlag.fromCharacteristics(Ljava/util/Spliterator;)I @ 14
Event: 40.608 Thread 0x00000000029c1800 Uncommon trap: reason=class_check action=maybe_recompile pc=0x000000000402a65c method=java.util.stream.StreamOpFlag.fromCharacteristics(Ljava/util/Spliterator;)I @ 14
Event: 40.609 Thread 0x00000000029c1800 Uncommon trap: reason=class_check action=maybe_recompile pc=0x000000000402a65c method=java.util.stream.StreamOpFlag.fromCharacteristics(Ljava/util/Spliterator;)I @ 14
Event: 41.644 Thread 0x000000001ccd7000 Uncommon trap: reason=unstable_if action=reinterpret pc=0x0000000004030254 method=java.util.Formatter$Flags.parse(Ljava/lang/String;)Ljava/util/Formatter$Flags; @ 19
Event: 41.644 Thread 0x000000001ccd7000 Uncommon trap: reason=unstable_if action=reinterpret pc=0x00000000040a141c method=java.util.Formatter$FormatSpecifier.justify(Ljava/lang/String;)Ljava/lang/String; @ 5
Event: 56.286 Thread 0x0000000019706800 Uncommon trap: reason=unstable_if action=reinterpret pc=0x0000000003afe88c method=org.apache.ibatis.parsing.GenericTokenParser.parse(Ljava/lang/String;)Ljava/lang/String; @ 320
Event: 155.835 Thread 0x000000001d293000 Uncommon trap: reason=unstable_if action=reinterpret pc=0x0000000003b44adc method=java.util.concurrent.ConcurrentHashMap.putVal(Ljava/lang/Object;Ljava/lang/Object;Z)Ljava/lang/Object; @ 98
Event: 156.779 Thread 0x0000000019703800 Uncommon trap: reason=unstable_if action=reinterpret pc=0x00000000037079ac method=java.lang.ThreadLocal$ThreadLocalMap.set(Ljava/lang/ThreadLocal;Ljava/lang/Object;)V @ 128
Event: 156.842 Thread 0x000000001d293000 Uncommon trap: reason=null_check action=make_not_entrant pc=0x00000000036984e8 method=sun.util.locale.provider.LocaleProviderAdapter.getAdapter(Ljava/lang/Class;Ljava/util/Locale;)Lsun/util/locale/provider/LocaleProviderAdapter; @ 24
Event: 156.885 Thread 0x0000000019709800 Uncommon trap: reason=unstable_if action=reinterpret pc=0x000000000371d240 method=java.nio.Buffer.limit(I)Ljava/nio/Buffer; @ 33

Classes redefined (0 events):
No events

Internal exceptions (10 events):
Event: 37.690 Thread 0x00000000029c1800 Implicit null exception at 0x0000000003d4811e to 0x0000000003d483e1
Event: 37.758 Thread 0x00000000029c1800 Implicit null exception at 0x000000000365474a to 0x00000000036547ed
Event: 37.782 Thread 0x00000000029c1800 Implicit null exception at 0x000000000341e282 to 0x000000000341ee91
Event: 38.376 Thread 0x00000000029c1800 Exception <a 'java/lang/ClassNotFoundException': org/springframework/boot/loader/http/Handler> (0x00000000dd853e30) thrown at [C:\re\workspace\8-2-build-windows-amd64-cygwin\jdk8u211\12973\hotspot\src\share\vm\classfile\systemDictionary.cpp, line 210]
Event: 38.385 Thread 0x00000000029c1800 Implicit null exception at 0x0000000002df72ae to 0x0000000002df75bd
Event: 38.527 Thread 0x00000000029c1800 Implicit null exception at 0x0000000003500752 to 0x0000000003500a81
Event: 41.740 Thread 0x00000000029c1800 Exception <a 'java/lang/NoSuchMethodError': java.lang.Object.lambda$invoke$0()Ljava/lang/Object;> (0x00000000e4b5d830) thrown at [C:\re\workspace\8-2-build-windows-amd64-cygwin\jdk8u211\12973\hotspot\src\share\vm\interpreter\linkResolver.cpp, line 620]
Event: 156.773 Thread 0x0000000019703800 Exception <a 'java/lang/IllegalArgumentException'> (0x00000000e918d6a0) thrown at [C:\re\workspace\8-2-build-windows-amd64-cygwin\jdk8u211\12973\hotspot\src\share\vm\prims\jvm.cpp, line 1506]
Event: 156.774 Thread 0x000000001d291800 Exception <a 'java/lang/IllegalArgumentException'> (0x00000000e950a3a8) thrown at [C:\re\workspace\8-2-build-windows-amd64-cygwin\jdk8u211\12973\hotspot\src\share\vm\prims\jvm.cpp, line 1506]
Event: 156.841 Thread 0x000000001d293000 Implicit null exception at 0x0000000003698483 to 0x00000000036984dd

Events (10 events):
Event: 157.024 loading class org/springframework/web/bind/support/SessionStatus
Event: 157.024 loading class org/springframework/web/bind/support/SessionStatus done
Event: 157.025 loading class org/springframework/web/bind/support/SimpleSessionStatus
Event: 157.025 loading class org/springframework/web/bind/support/SimpleSessionStatus done
Event: 157.026 loading class org/springframework/web/servlet/support/RequestContextUtils
Event: 157.026 loading class org/springframework/web/servlet/support/RequestContextUtils done
Event: 157.028 loading class org/springframework/ui/ModelMap
Event: 157.028 loading class org/springframework/ui/ModelMap done
Event: 157.036 loading class org/springframework/web/context/request/async/StandardServletAsyncWebRequest
Event: 157.036 loading class org/springframework/web/context/request/async/StandardServletAsyncWebRequest done


Dynamic libraries:
0x00007ff7b6d80000 - 0x00007ff7b6db7000 	C:\Program Files\Java\jdk1.8.0_211\bin\java.exe
0x00007ffd4b410000 - 0x00007ffd4b605000 	C:\Windows\SYSTEM32\ntdll.dll
0x00007ffd4a860000 - 0x00007ffd4a91d000 	C:\Windows\System32\KERNEL32.DLL
0x00007ffd48eb0000 - 0x00007ffd4917d000 	C:\Windows\System32\KERNELBASE.dll
0x00007ffd49d70000 - 0x00007ffd49e1e000 	C:\Windows\System32\ADVAPI32.dll
0x00007ffd4b2b0000 - 0x00007ffd4b34e000 	C:\Windows\System32\msvcrt.dll
0x00007ffd4a090000 - 0x00007ffd4a12c000 	C:\Windows\System32\sechost.dll
0x00007ffd49460000 - 0x00007ffd49585000 	C:\Windows\System32\RPCRT4.dll
0x00007ffd4afe0000 - 0x00007ffd4b180000 	C:\Windows\System32\USER32.dll
0x00007ffd48b50000 - 0x00007ffd48b72000 	C:\Windows\System32\win32u.dll
0x00007ffd4aa00000 - 0x00007ffd4aa2a000 	C:\Windows\System32\GDI32.dll
0x00007ffd48da0000 - 0x00007ffd48eab000 	C:\Windows\System32\gdi32full.dll
0x00007ffd49180000 - 0x00007ffd4921d000 	C:\Windows\System32\msvcp_win.dll
0x00007ffd48b80000 - 0x00007ffd48c80000 	C:\Windows\System32\ucrtbase.dll
0x00007ffd2fd60000 - 0x00007ffd2fffa000 	C:\Windows\WinSxS\amd64_microsoft.windows.common-controls_6595b64144ccf1df_6.0.19041.1110_none_60b5254171f9507e\COMCTL32.dll
0x00007ffd4a780000 - 0x00007ffd4a7b0000 	C:\Windows\System32\IMM32.DLL
0x0000000064040000 - 0x0000000064112000 	C:\Program Files\Java\jdk1.8.0_211\jre\bin\msvcr100.dll
0x0000000063790000 - 0x0000000064035000 	C:\Program Files\Java\jdk1.8.0_211\jre\bin\server\jvm.dll
0x00007ffd4aa90000 - 0x00007ffd4aa98000 	C:\Windows\System32\PSAPI.DLL
0x00007ffd322a0000 - 0x00007ffd322a9000 	C:\Windows\SYSTEM32\WSOCK32.dll
0x00007ffd32350000 - 0x00007ffd32377000 	C:\Windows\SYSTEM32\WINMM.dll
0x00007ffd4a990000 - 0x00007ffd4a9fb000 	C:\Windows\System32\WS2_32.dll
0x00007ffd40560000 - 0x00007ffd4056a000 	C:\Windows\SYSTEM32\VERSION.dll
0x00007ffd40540000 - 0x00007ffd4054f000 	C:\Program Files\Java\jdk1.8.0_211\jre\bin\verify.dll
0x00007ffd2b9e0000 - 0x00007ffd2ba09000 	C:\Program Files\Java\jdk1.8.0_211\jre\bin\java.dll
0x00007ffd40500000 - 0x00007ffd40516000 	C:\Program Files\Java\jdk1.8.0_211\jre\bin\zip.dll
0x00007ffd49620000 - 0x00007ffd49d64000 	C:\Windows\System32\SHELL32.dll
0x00007ffd46c20000 - 0x00007ffd473b4000 	C:\Windows\SYSTEM32\windows.storage.dll
0x00007ffd4abb0000 - 0x00007ffd4af04000 	C:\Windows\System32\combase.dll
0x00007ffd48580000 - 0x00007ffd485ac000 	C:\Windows\SYSTEM32\Wldp.dll
0x00007ffd4ab00000 - 0x00007ffd4abad000 	C:\Windows\System32\SHCORE.dll
0x00007ffd4a920000 - 0x00007ffd4a975000 	C:\Windows\System32\shlwapi.dll
0x00007ffd48a60000 - 0x00007ffd48a7f000 	C:\Windows\SYSTEM32\profapi.dll
0x00007ffd42fa0000 - 0x00007ffd42fad000 	C:\Program Files\Java\jdk1.8.0_211\jre\bin\management.dll
0x00007ffd2b9c0000 - 0x00007ffd2b9da000 	C:\Program Files\Java\jdk1.8.0_211\jre\bin\net.dll
0x00007ffd37e80000 - 0x00007ffd3806c000 	C:\Windows\SYSTEM32\urlmon.dll
0x00007ffd371f0000 - 0x00007ffd374a1000 	C:\Windows\SYSTEM32\iertutil.dll
0x00007ffd371c0000 - 0x00007ffd371e8000 	C:\Windows\SYSTEM32\srvcli.dll
0x00007ffd47fc0000 - 0x00007ffd47fcc000 	C:\Windows\SYSTEM32\netutils.dll
0x00007ffd482e0000 - 0x00007ffd4834a000 	C:\Windows\system32\mswsock.dll
0x00007ffd2ddc0000 - 0x00007ffd2ddd7000 	C:\Windows\system32\napinsp.dll
0x00007ffd2dda0000 - 0x00007ffd2ddbb000 	C:\Windows\system32\pnrpnsp.dll
0x00007ffd43d30000 - 0x00007ffd43d45000 	C:\Windows\system32\wshbth.dll
0x00007ffd403f0000 - 0x00007ffd4040d000 	C:\Windows\system32\NLAapi.dll
0x00007ffd47f80000 - 0x00007ffd47fbb000 	C:\Windows\SYSTEM32\IPHLPAPI.DLL
0x00007ffd47fd0000 - 0x00007ffd4809b000 	C:\Windows\SYSTEM32\DNSAPI.dll
0x00007ffd49f60000 - 0x00007ffd49f68000 	C:\Windows\System32\NSI.dll
0x00007ffd2dd80000 - 0x00007ffd2dd92000 	C:\Windows\System32\winrnr.dll
0x00000000643c0000 - 0x00000000643e6000 	C:\Program Files\Bonjour\mdnsNSP.dll
0x00007ffd402d0000 - 0x00007ffd402da000 	C:\Windows\System32\rasadhlp.dll
0x00007ffd38fa0000 - 0x00007ffd39020000 	C:\Windows\System32\fwpuclnt.dll
0x00007ffd48b20000 - 0x00007ffd48b47000 	C:\Windows\System32\bcrypt.dll
0x00007ffd484d0000 - 0x00007ffd484e8000 	C:\Windows\SYSTEM32\CRYPTSP.dll
0x00007ffd47bf0000 - 0x00007ffd47c24000 	C:\Windows\system32\rsaenh.dll
0x00007ffd489e0000 - 0x00007ffd48a0e000 	C:\Windows\SYSTEM32\USERENV.dll
0x00007ffd49220000 - 0x00007ffd492a2000 	C:\Windows\System32\bcryptprimitives.dll
0x00007ffd484f0000 - 0x00007ffd484fc000 	C:\Windows\SYSTEM32\CRYPTBASE.dll
0x00007ffd3cc80000 - 0x00007ffd3cc97000 	C:\Windows\SYSTEM32\dhcpcsvc6.DLL
0x00007ffd3eda0000 - 0x00007ffd3edbd000 	C:\Windows\SYSTEM32\dhcpcsvc.DLL
0x00007ffd2b950000 - 0x00007ffd2b962000 	C:\Program Files\Java\jdk1.8.0_211\jre\bin\nio.dll
0x00007ffd40f70000 - 0x00007ffd40f94000 	C:\Program Files\Java\jdk1.8.0_211\jre\bin\sunec.dll
0x00007ffd40ef0000 - 0x00007ffd40efb000 	C:\Program Files\Java\jdk1.8.0_211\jre\bin\sunmscapi.dll
0x00007ffd49300000 - 0x00007ffd49456000 	C:\Windows\System32\CRYPT32.dll

VM Arguments:
java_command: sangeng-blog-1.0-SNAPSHOT.jar
java_class_path (initial): sangeng-blog-1.0-SNAPSHOT.jar
Launcher Type: SUN_STANDARD

Environment Variables:
JAVA_HOME=C:\Program Files\Java\jdk1.8.0_211
CLASSPATH=.;
PATH=D:\常用软件运行文件\xshell\;C:\Windows\system32;C:\Windows;C:\Windows\System32\Wbem;C:\Windows\System32\WindowsPowerShell\v1.0\;C:\Windows\System32\OpenSSH\;C:\ProgramData\chocolatey\bin;C:\Program Files\Git\cmd;C:\Program Files\Microsoft VS Code\bin;C:\ProgramData\nvm;C:\Program Files\nodejs;C:\ProgramData\chocolatey\lib\gsudo\bin\;C:\Program Files (x86)\Yarn\bin\;C:\Program Files\Java\jdk1.8.0_211\bin;C:\Program Files\Go\bin;C:\Users\75134\AppData\Local\Microsoft\WindowsApps;C:\Users\75134\AppData\Local\Programs\Microsoft VS Code\bin;C:\Program Files\Bandizip\;C:\Users\75134\AppData\Local\Yarn\bin;C:\tools\mysql\current\bin;C:\Users\75134\go\bin
USERNAME=75134
OS=Windows_NT
PROCESSOR_IDENTIFIER=Intel64 Family 6 Model 142 Stepping 9, GenuineIntel



---------------  S Y S T E M  ---------------

OS: Windows 10.0 , 64 bit Build 19041 (10.0.19041.1706)

CPU:total 4 (initial active 4) (2 cores per cpu, 2 threads per core) family 6 model 142 stepping 9, cmov, cx8, fxsr, mmx, sse, sse2, sse3, ssse3, sse4.1, sse4.2, popcnt, avx, avx2, aes, clmul, erms, 3dnowpref, lzcnt, ht, tsc, tscinvbit, bmi1, bmi2, adx

Memory: 4k page, physical 8289828k(255052k free), swap 21397024k(524k free)

vm_info: Java HotSpot(TM) 64-Bit Server VM (25.211-b12) for windows-amd64 JRE (1.8.0_211-b12), built on Apr  1 2019 20:53:26 by "java_re" with MS VC++ 10.0 (VS2010)

time: Tue May 17 01:22:40 2022
timezone: 中国标准时间
elapsed time: 157 seconds (0d 0h 2m 37s)

